<?xml version="1.0" encoding="UTF-8"?>
<!-- Generated by org.testng.reporters.JUnitXMLReporter -->
<testsuite hostname="DESKTOP-PE7K6V4" ignored="0" tests="5" failures="0" timestamp="20 十二月 2020 11:03:52 GMT" time="0.04" errors="0">
  <testcase name="simpleTest1" time="0.014" classname="TestTestNG"/>
  <testcase name="simpleTest2" time="0.0" classname="TestTestNG"/>
  <testcase name="simpleTest3" time="0.0" classname="TestTestNG"/>
  <testcase name="DataProviderShow" time="0.0" classname="DataPro"/>
  <testcase name="DataProviderShow" time="0.0" classname="DataPro"/>
</testsuite>
