<?xml version="1.0" encoding="UTF-8"?>
<testng-results skipped="0" failed="0" ignored="0" total="1" passed="1">
  <reporter-output>
  </reporter-output>
  <suite name="DataPro" duration-ms="36" started-at="2020-12-20T11:07:01Z" finished-at="2020-12-20T11:07:01Z">
    <groups>
    </groups>
    <test name="Command line test" duration-ms="36" started-at="2020-12-20T11:07:01Z" finished-at="2020-12-20T11:07:01Z">
      <class name="DataPro">
        <test-method status="PASS" signature="DataProviderShow(DataPro)[pri:0, instance:DataPro@2c8d66b2]" name="DataProviderShow" duration-ms="11" started-at="2020-12-20T11:07:01Z" data-provider="DataProvider" finished-at="2020-12-20T11:07:01Z">
          <params>
            <param index="0">
              <value>
                <![CDATA[DataPro@7ac7a4e4]]>
              </value>
            </param>
          </params>
          <reporter-output>
          </reporter-output>
        </test-method> <!-- DataProviderShow -->
      </class> <!-- DataPro -->
    </test> <!-- Command line test -->
  </suite> <!-- DataPro -->
</testng-results>
